<?xml version="1.0" encoding="UTF-8"?>
<!-- Generated by org.testng.reporters.JUnitReportReporter -->
<testsuite hostname="ASDP1727PO02529" name="com.qait.automation.TestSessionInitiator" tests="1" failures="0" timestamp="9 Aug 2017 08:43:45 GMT" time="0.012" errors="0">
  <testcase name="initActionClasses" time="0.012" classname="com.qait.automation.TestSessionInitiator"/>
</testsuite> <!-- com.qait.automation.TestSessionInitiator -->
